0 info it worked if it ends with ok
1 verbose cli [ '/usr/local/bin/node', '/usr/local/bin/npm', 'start' ]
2 info using npm@3.3.4
3 info using node@v4.0.0
4 verbose run-script [ 'prestart', 'start', 'poststart' ]
5 info lifecycle linkedin-oauth@1.0.0~prestart: linkedin-oauth@1.0.0
6 silly lifecycle linkedin-oauth@1.0.0~prestart: no script for prestart, continuing
7 info lifecycle linkedin-oauth@1.0.0~start: linkedin-oauth@1.0.0
8 verbose lifecycle linkedin-oauth@1.0.0~start: unsafe-perm in lifecycle true
9 verbose lifecycle linkedin-oauth@1.0.0~start: PATH: /usr/local/lib/node_modules/npm/bin/node-gyp-bin:/home/tormod/web_proj/linkedin-oauth-example/node_modules/.bin:/usr/local/heroku/bin:/usr/local/sbin:/usr/local/bin:/usr/sbin:/usr/bin:/sbin:/bin:/usr/games:/usr/local/games:/home/andriod-sdk-linux/tools:/home/android-sdk-linux/platform-tools./n:/home/tormod/web_proj/Andriod/android-sdk-linux/tools:/home/tormod/web_proj/Andriod/android-sdk-linux/platform-tools:/home/tormod/web_proj/Andriod/android-sdk-linux/tools:/home/tormod/web_proj/Andriod/android-sdk-linux/platform-tools
10 verbose lifecycle linkedin-oauth@1.0.0~start: CWD: /home/tormod/web_proj/linkedin-oauth-example
11 silly lifecycle linkedin-oauth@1.0.0~start: Args: [ '-c', 'node server.js' ]
12 silly lifecycle linkedin-oauth@1.0.0~start: Returned: code: 1  signal: null
13 info lifecycle linkedin-oauth@1.0.0~start: Failed to exec start script
14 verbose stack Error: linkedin-oauth@1.0.0 start: `node server.js`
14 verbose stack Exit status 1
14 verbose stack     at EventEmitter.<anonymous> (/usr/local/lib/node_modules/npm/lib/utils/lifecycle.js:233:16)
14 verbose stack     at emitTwo (events.js:87:13)
14 verbose stack     at EventEmitter.emit (events.js:172:7)
14 verbose stack     at ChildProcess.<anonymous> (/usr/local/lib/node_modules/npm/lib/utils/spawn.js:24:14)
14 verbose stack     at emitTwo (events.js:87:13)
14 verbose stack     at ChildProcess.emit (events.js:172:7)
14 verbose stack     at maybeClose (internal/child_process.js:817:16)
14 verbose stack     at Process.ChildProcess._handle.onexit (internal/child_process.js:211:5)
15 verbose pkgid linkedin-oauth@1.0.0
16 verbose cwd /home/tormod/web_proj/linkedin-oauth-example
17 error Linux 3.19.0-56-generic
18 error argv "/usr/local/bin/node" "/usr/local/bin/npm" "start"
19 error node v4.0.0
20 error npm  v3.3.4
21 error code ELIFECYCLE
22 error linkedin-oauth@1.0.0 start: `node server.js`
22 error Exit status 1
23 error Failed at the linkedin-oauth@1.0.0 start script 'node server.js'.
23 error This is most likely a problem with the linkedin-oauth package,
23 error not with npm itself.
23 error Tell the author that this fails on your system:
23 error     node server.js
23 error You can get their info via:
23 error     npm owner ls linkedin-oauth
23 error There is likely additional logging output above.
24 verbose exit [ 1, true ]
